[   10668ms] ReferenceError: dataSourceOptions is not defined
    at http://localhost:4322/src/components/WaveVisualization.tsx:121:22
    at commitHookEffectListMount (http://localhost:4322/node_modules/.vite/deps/@astrojs_react_client__js.js?v=c49a85da:6493:28)
    at commitPassiveMountOnFiber (http://localhost:4322/node_modules/.vite/deps/@astrojs_react_client__js.js?v=c49a85da:7648:27)
    at recursivelyTraversePassiveMountEffects (http://localhost:4322/node_modules/.vite/deps/@astrojs_react_client__js.js?v=c49a85da:7629:11)
    at commitPassiveMountOnFiber (http://localhost:4322/node_modules/.vite/deps/@astrojs_react_client__js.js?v=c49a85da:7745:11)
    at recursivelyTraversePassiveMountEffects (http://localhost:4322/node_modules/.vite/deps/@astrojs_react_client__js.js?v=c49a85da:7629:11)
    at commitPassiveMountOnFiber (http://localhost:4322/node_modules/.vite/deps/@astrojs_react_client__js.js?v=c49a85da:7745:11)
    at recursivelyTraversePassiveMountEffects (http://localhost:4322/node_modules/.vite/deps/@astrojs_react_client__js.js?v=c49a85da:7629:11)
    at commitPassiveMountOnFiber (http://localhost:4322/node_modules/.vite/deps/@astrojs_react_client__js.js?v=c49a85da:7642:11)
    at recursivelyTraversePassiveMountEffects (http://localhost:4322/node_modules/.vite/deps/@astrojs_react_client__js.js?v=c49a85da:7629:11)
[   10669ms] ReferenceError: dataSourceOptions is not defined
    at http://localhost:4322/src/components/WaveVisualization.tsx:121:22
    at commitHookEffectListMount (http://localhost:4322/node_modules/.vite/deps/@astrojs_react_client__js.js?v=c49a85da:6493:28)
    at commitPassiveMountOnFiber (http://localhost:4322/node_modules/.vite/deps/@astrojs_react_client__js.js?v=c49a85da:7648:27)
    at recursivelyTraversePassiveMountEffects (http://localhost:4322/node_modules/.vite/deps/@astrojs_react_client__js.js?v=c49a85da:7629:11)
    at commitPassiveMountOnFiber (http://localhost:4322/node_modules/.vite/deps/@astrojs_react_client__js.js?v=c49a85da:7745:11)
    at recursivelyTraversePassiveMountEffects (http://localhost:4322/node_modules/.vite/deps/@astrojs_react_client__js.js?v=c49a85da:7629:11)
    at commitPassiveMountOnFiber (http://localhost:4322/node_modules/.vite/deps/@astrojs_react_client__js.js?v=c49a85da:7745:11)
    at recursivelyTraversePassiveMountEffects (http://localhost:4322/node_modules/.vite/deps/@astrojs_react_client__js.js?v=c49a85da:7629:11)
    at commitPassiveMountOnFiber (http://localhost:4322/node_modules/.vite/deps/@astrojs_react_client__js.js?v=c49a85da:7642:11)
    at recursivelyTraversePassiveMountEffects (http://localhost:4322/node_modules/.vite/deps/@astrojs_react_client__js.js?v=c49a85da:7629:11)
